#
# There is insufficient memory for the Java Runtime Environment to continue.
# Native memory allocation (malloc) failed to allocate 1608560 bytes for Chunk::new
# Possible reasons:
#   The system is out of physical RAM or swap space
#   In 32 bit mode, the process size limit was hit
# Possible solutions:
#   Reduce memory load on the system
#   Increase physical memory or swap space
#   Check if swap backing store is full
#   Use 64 bit Java on a 64 bit OS
#   Decrease Java heap size (-Xmx/-Xms)
#   Decrease number of Java threads
#   Decrease Java thread stack sizes (-Xss)
#   Set larger code cache with -XX:ReservedCodeCacheSize=
# This output file may be truncated or incomplete.
#
#  Out of Memory Error (allocation.cpp:390), pid=6628, tid=0x0000000000002498
#
# JRE version: Java(TM) SE Runtime Environment (8.0_144-b01) (build 1.8.0_144-b01)
# Java VM: Java HotSpot(TM) 64-Bit Server VM (25.144-b01 mixed mode windows-amd64 compressed oops)
# Failed to write core dump. Minidumps are not enabled by default on client versions of Windows
#

---------------  T H R E A D  ---------------

Current thread (0x0000000054cbd000):  JavaThread "C2 CompilerThread0" daemon [_thread_in_native, id=9368, stack(0x0000000055e10000,0x0000000055f10000)]

Stack: [0x0000000055e10000,0x0000000055f10000]
[error occurred during error reporting (printing stack bounds), id 0xc0000005]

Native frames: (J=compiled Java code, j=interpreted, Vv=VM code, C=native code)


Current CompileTask:
C2:  29372 5478   !   4       org.apache.catalina.startup.ContextConfig::populateJavaClassCache (159 bytes)


---------------  P R O C E S S  ---------------

Java Threads: ( => current thread )
  0x000000005888f000 JavaThread "Thread-3" daemon [_thread_in_native, id=7028, stack(0x00000000631e0000,0x00000000632e0000)]
  0x000000005bc4c000 JavaThread "localhost-startStop-1" daemon [_thread_in_vm, id=9068, stack(0x000000005cdf0000,0x000000005cef0000)]
  0x0000000058603000 JavaThread "Tomcat-startStop-1" daemon [_thread_blocked, id=9816, stack(0x0000000056bb0000,0x0000000056cb0000)]
  0x000000005654e800 JavaThread "Service Thread" daemon [_thread_blocked, id=11020, stack(0x0000000056cf0000,0x0000000056df0000)]
  0x00000000564f5000 JavaThread "C1 CompilerThread2" daemon [_thread_blocked, id=9316, stack(0x00000000568f0000,0x00000000569f0000)]
  0x0000000054cbf800 JavaThread "C2 CompilerThread1" daemon [_thread_in_native, id=2608, stack(0x0000000056a70000,0x0000000056b70000)]
=>0x0000000054cbd000 JavaThread "C2 CompilerThread0" daemon [_thread_in_native, id=9368, stack(0x0000000055e10000,0x0000000055f10000)]
  0x0000000054cb3800 JavaThread "Attach Listener" daemon [_thread_blocked, id=7160, stack(0x00000000563f0000,0x00000000564f0000)]
  0x0000000054cb2000 JavaThread "Signal Dispatcher" daemon [_thread_blocked, id=11156, stack(0x00000000562f0000,0x00000000563f0000)]
  0x0000000054c9b000 JavaThread "Finalizer" daemon [_thread_blocked, id=9588, stack(0x0000000056170000,0x0000000056270000)]
  0x0000000054c51800 JavaThread "Reference Handler" daemon [_thread_blocked, id=11180, stack(0x0000000055f30000,0x0000000056030000)]
  0x0000000001fe8000 JavaThread "main" [_thread_blocked, id=10588, stack(0x0000000002270000,0x0000000002370000)]

Other Threads:
  0x0000000054c4c000 VMThread [stack: 0x0000000055c90000,0x0000000055d90000] [id=10020]
  0x0000000056588000 WatcherThread [stack: 0x0000000056f00000,0x0000000057000000] [id=6104]

VM state:not at safepoint (normal execution)

VM Mutex/Monitor currently owned by a thread: None

Heap:
 PSYoungGen      total 258048K, used 50290K [0x00000000eb180000, 0x0000000100000000, 0x0000000100000000)
  eden space 224768K, 9% used [0x00000000eb180000,0x00000000ec703de8,0x00000000f8d00000)
  from space 33280K, 84% used [0x00000000f8d00000,0x00000000fa898de8,0x00000000fad80000)
  to   space 36864K, 0% used [0x00000000fdc00000,0x00000000fdc00000,0x0000000100000000)
 ParOldGen       total 86016K, used 50041K [0x00000000c1400000, 0x00000000c6800000, 0x00000000eb180000)
  object space 86016K, 58% used [0x00000000c1400000,0x00000000c44de7d8,0x00000000c6800000)
 Metaspace       used 41284K, capacity 42000K, committed 42240K, reserved 1087488K
  class space    used 4863K, capacity 5084K, committed 5120K, reserved 1048576K

Card table byte_map: [0x0000000011730000,0x0000000011930000] byte_map_base: 0x0000000011126000

Marking Bits: (ParMarkBitMap*) 0x000000007038d850
 Begin Bits: [0x0000000012160000, 0x0000000013110000)
 End Bits:   [0x0000000013110000, 0x00000000140c0000)

Polling page: 0x0000000000200000

CodeCache: size=245760Kb used=18105Kb max_used=18105Kb free=227654Kb
 bounds [0x0000000002370000, 0x0000000003530000, 0x0000000011370000]
 total_blobs=5974 nmethods=5502 adapters=382
 compilation: enabled

Compilation events (10 events):
Event: 29.208 Thread 0x00000000564f5000 6426       2       com.sun.org.apache.xerces.internal.impl.XMLEntityScanner::skipSpaces (350 bytes)
Event: 29.211 Thread 0x00000000564f5000 nmethod 6426 0x0000000003509b50 code [0x0000000003509d20, 0x000000000350a348]
Event: 29.211 Thread 0x00000000564f5000 6424       2       com.sun.org.apache.xerces.internal.dom.DeferredDocumentImpl::createNode (46 bytes)
Event: 29.212 Thread 0x00000000564f5000 nmethod 6424 0x000000000350a950 code [0x000000000350aac0, 0x000000000350acb8]
Event: 29.212 Thread 0x00000000564f5000 6425       2       com.sun.org.apache.xerces.internal.dom.DeferredDocumentImpl::ensureCapacity (358 bytes)
Event: 29.215 Thread 0x00000000564f5000 nmethod 6425 0x000000000350ad90 code [0x000000000350b0a0, 0x000000000350d188]
Event: 29.215 Thread 0x00000000564f5000 6423       2       com.sun.org.apache.xerces.internal.util.AugmentationsImpl$SmallContainer::putItem (92 bytes)
Event: 29.216 Thread 0x00000000564f5000 nmethod 6423 0x000000000350e5d0 code [0x000000000350e760, 0x000000000350eb88]
Event: 29.216 Thread 0x00000000564f5000 6422       2       com.sun.org.apache.xerces.internal.impl.dtd.DTDGrammar::element (84 bytes)
Event: 29.217 Thread 0x00000000564f5000 nmethod 6422 0x000000000350eed0 code [0x000000000350f0a0, 0x000000000350f528]

GC Heap History (10 events):
Event: 19.564 GC heap before
{Heap before GC invocations=11 (full 1):
 PSYoungGen      total 140288K, used 140264K [0x00000000eb180000, 0x00000000f8100000, 0x0000000100000000)
  eden space 129024K, 100% used [0x00000000eb180000,0x00000000f2f80000,0x00000000f2f80000)
  from space 11264K, 99% used [0x00000000f2f80000,0x00000000f3a7a2f0,0x00000000f3a80000)
  to   space 16896K, 0% used [0x00000000f7080000,0x00000000f7080000,0x00000000f8100000)
 ParOldGen       total 39424K, used 23214K [0x00000000c1400000, 0x00000000c3a80000, 0x00000000eb180000)
  object space 39424K, 58% used [0x00000000c1400000,0x00000000c2aab840,0x00000000c3a80000)
 Metaspace       used 29541K, capacity 30122K, committed 30336K, reserved 1075200K
  class space    used 3431K, capacity 3625K, committed 3712K, reserved 1048576K
Event: 19.598 GC heap after
Heap after GC invocations=11 (full 1):
 PSYoungGen      total 188416K, used 16868K [0x00000000eb180000, 0x00000000f9100000, 0x0000000100000000)
  eden space 171520K, 0% used [0x00000000eb180000,0x00000000eb180000,0x00000000f5900000)
  from space 16896K, 99% used [0x00000000f7080000,0x00000000f80f92a8,0x00000000f8100000)
  to   space 24064K, 0% used [0x00000000f5900000,0x00000000f5900000,0x00000000f7080000)
 ParOldGen       total 39424K, used 35456K [0x00000000c1400000, 0x00000000c3a80000, 0x00000000eb180000)
  object space 39424K, 89% used [0x00000000c1400000,0x00000000c36a0128,0x00000000c3a80000)
 Metaspace       used 29541K, capacity 30122K, committed 30336K, reserved 1075200K
  class space    used 3431K, capacity 3625K, committed 3712K, reserved 1048576K
}
Event: 19.599 GC heap before
{Heap before GC invocations=12 (full 2):
 PSYoungGen      total 188416K, used 16868K [0x00000000eb180000, 0x00000000f9100000, 0x0000000100000000)
  eden space 171520K, 0% used [0x00000000eb180000,0x00000000eb180000,0x00000000f5900000)
  from space 16896K, 99% used [0x00000000f7080000,0x00000000f80f92a8,0x00000000f8100000)
  to   space 24064K, 0% used [0x00000000f5900000,0x00000000f5900000,0x00000000f7080000)
 ParOldGen       total 39424K, used 35456K [0x00000000c1400000, 0x00000000c3a80000, 0x00000000eb180000)
  object space 39424K, 89% used [0x00000000c1400000,0x00000000c36a0128,0x00000000c3a80000)
 Metaspace       used 29541K, capacity 30122K, committed 30336K, reserved 1075200K
  class space    used 3431K, capacity 3625K, committed 3712K, reserved 1048576K
Event: 19.877 GC heap after
Heap after GC invocations=12 (full 2):
 PSYoungGen      total 188416K, used 4969K [0x00000000eb180000, 0x00000000f9100000, 0x0000000100000000)
  eden space 171520K, 0% used [0x00000000eb180000,0x00000000eb180000,0x00000000f5900000)
  from space 16896K, 29% used [0x00000000f7080000,0x00000000f755a5a0,0x00000000f8100000)
  to   space 24064K, 0% used [0x00000000f5900000,0x00000000f5900000,0x00000000f7080000)
 ParOldGen       total 86016K, used 39105K [0x00000000c1400000, 0x00000000c6800000, 0x00000000eb180000)
  object space 86016K, 45% used [0x00000000c1400000,0x00000000c3a307b8,0x00000000c6800000)
 Metaspace       used 29541K, capacity 30122K, committed 30336K, reserved 1075200K
  class space    used 3431K, capacity 3625K, committed 3712K, reserved 1048576K
}
Event: 20.973 GC heap before
{Heap before GC invocations=13 (full 2):
 PSYoungGen      total 188416K, used 176489K [0x00000000eb180000, 0x00000000f9100000, 0x0000000100000000)
  eden space 171520K, 100% used [0x00000000eb180000,0x00000000f5900000,0x00000000f5900000)
  from space 16896K, 29% used [0x00000000f7080000,0x00000000f755a5a0,0x00000000f8100000)
  to   space 24064K, 0% used [0x00000000f5900000,0x00000000f5900000,0x00000000f7080000)
 ParOldGen       total 86016K, used 39105K [0x00000000c1400000, 0x00000000c6800000, 0x00000000eb180000)
  object space 86016K, 45% used [0x00000000c1400000,0x00000000c3a307b8,0x00000000c6800000)
 Metaspace       used 29543K, capacity 30122K, committed 30336K, reserved 1075200K
  class space    used 3431K, capacity 3625K, committed 3712K, reserved 1048576K
Event: 21.074 GC heap after
Heap after GC invocations=13 (full 2):
 PSYoungGen      total 195584K, used 24051K [0x00000000eb180000, 0x00000000fca80000, 0x0000000100000000)
  eden space 171520K, 0% used [0x00000000eb180000,0x00000000eb180000,0x00000000f5900000)
  from space 24064K, 99% used [0x00000000f5900000,0x00000000f707cea8,0x00000000f7080000)
  to   space 29696K, 0% used [0x00000000fad80000,0x00000000fad80000,0x00000000fca80000)
 ParOldGen       total 86016K, used 43754K [0x00000000c1400000, 0x00000000c6800000, 0x00000000eb180000)
  object space 86016K, 50% used [0x00000000c1400000,0x00000000c3eba830,0x00000000c6800000)
 Metaspace       used 29543K, capacity 30122K, committed 30336K, reserved 1075200K
  class space    used 3431K, capacity 3625K, committed 3712K, reserved 1048576K
}
Event: 22.055 GC heap before
{Heap before GC invocations=14 (full 2):
 PSYoungGen      total 195584K, used 195571K [0x00000000eb180000, 0x00000000fca80000, 0x0000000100000000)
  eden space 171520K, 100% used [0x00000000eb180000,0x00000000f5900000,0x00000000f5900000)
  from space 24064K, 99% used [0x00000000f5900000,0x00000000f707cea8,0x00000000f7080000)
  to   space 29696K, 0% used [0x00000000fad80000,0x00000000fad80000,0x00000000fca80000)
 ParOldGen       total 86016K, used 43754K [0x00000000c1400000, 0x00000000c6800000, 0x00000000eb180000)
  object space 86016K, 50% used [0x00000000c1400000,0x00000000c3eba830,0x00000000c6800000)
 Metaspace       used 29556K, capacity 30186K, committed 30336K, reserved 1075200K
  class space    used 3433K, capacity 3625K, committed 3712K, reserved 1048576K
Event: 22.154 GC heap after
Heap after GC invocations=14 (full 2):
 PSYoungGen      total 254464K, used 26884K [0x00000000eb180000, 0x00000000fdb00000, 0x0000000100000000)
  eden space 224768K, 0% used [0x00000000eb180000,0x00000000eb180000,0x00000000f8d00000)
  from space 29696K, 90% used [0x00000000fad80000,0x00000000fc7c1350,0x00000000fca80000)
  to   space 33280K, 0% used [0x00000000f8d00000,0x00000000f8d00000,0x00000000fad80000)
 ParOldGen       total 86016K, used 47856K [0x00000000c1400000, 0x00000000c6800000, 0x00000000eb180000)
  object space 86016K, 55% used [0x00000000c1400000,0x00000000c42bc308,0x00000000c6800000)
 Metaspace       used 29556K, capacity 30186K, committed 30336K, reserved 1075200K
  class space    used 3433K, capacity 3625K, committed 3712K, reserved 1048576K
}
Event: 26.319 GC heap before
{Heap before GC invocations=15 (full 2):
 PSYoungGen      total 254464K, used 251652K [0x00000000eb180000, 0x00000000fdb00000, 0x0000000100000000)
  eden space 224768K, 100% used [0x00000000eb180000,0x00000000f8d00000,0x00000000f8d00000)
  from space 29696K, 90% used [0x00000000fad80000,0x00000000fc7c1350,0x00000000fca80000)
  to   space 33280K, 0% used [0x00000000f8d00000,0x00000000f8d00000,0x00000000fad80000)
 ParOldGen       total 86016K, used 47856K [0x00000000c1400000, 0x00000000c6800000, 0x00000000eb180000)
  object space 86016K, 55% used [0x00000000c1400000,0x00000000c42bc308,0x00000000c6800000)
 Metaspace       used 39402K, capacity 40036K, committed 40448K, reserved 1085440K
  class space    used 4612K, capacity 4794K, committed 4864K, reserved 1048576K
Event: 27.410 GC heap after
Heap after GC invocations=15 (full 2):
 PSYoungGen      total 258048K, used 28259K [0x00000000eb180000, 0x0000000100000000, 0x0000000100000000)
  eden space 224768K, 0% used [0x00000000eb180000,0x00000000eb180000,0x00000000f8d00000)
  from space 33280K, 84% used [0x00000000f8d00000,0x00000000fa898de8,0x00000000fad80000)
  to   space 36864K, 0% used [0x00000000fdc00000,0x00000000fdc00000,0x0000000100000000)
 ParOldGen       total 86016K, used 50041K [0x00000000c1400000, 0x00000000c6800000, 0x00000000eb180000)
  object space 86016K, 58% used [0x00000000c1400000,0x00000000c44de7d8,0x00000000c6800000)
 Metaspace       used 39402K, capacity 40036K, committed 40448K, reserved 1085440K
  class space    used 4612K, capacity 4794K, committed 4864K, reserved 1048576K
}

Deoptimization events (10 events):
Event: 24.396 Thread 0x000000005bc4c000 Uncommon trap: reason=unstable_if action=reinterpret pc=0x0000000002c333e4 method=java.util.ArrayList.remove(Ljava/lang/Object;)Z @ 59
Event: 25.987 Thread 0x000000005bc4c000 Uncommon trap: reason=unloaded action=reinterpret pc=0x00000000026cde6c method=java.util.zip.ZipEntry.setExtra0([BZ)V @ 37
Event: 26.110 Thread 0x000000005bc4c000 Uncommon trap: reason=unstable_if action=reinterpret pc=0x00000000029dd3e4 method=java.lang.StringBuffer.toString()Ljava/lang/String; @ 4
Event: 26.283 Thread 0x000000005bc4c000 Uncommon trap: reason=bimorphic action=maybe_recompile pc=0x0000000002e480c0 method=java.util.WeakHashMap.eq(Ljava/lang/Object;Ljava/lang/Object;)Z @ 7
Event: 27.474 Thread 0x000000005bc4c000 Uncommon trap: reason=class_check action=maybe_recompile pc=0x00000000028f51d8 method=java.util.concurrent.ConcurrentHashMap.putVal(Ljava/lang/Object;Ljava/lang/Object;Z)Ljava/lang/Object; @ 192
Event: 27.559 Thread 0x000000005bc4c000 Uncommon trap: reason=unstable_if action=reinterpret pc=0x0000000003259398 method=java.util.concurrent.ConcurrentHashMap.get(Ljava/lang/Object;)Ljava/lang/Object; @ 152
Event: 27.561 Thread 0x000000005bc4c000 Uncommon trap: reason=class_check action=maybe_recompile pc=0x00000000028f51d8 method=java.util.concurrent.ConcurrentHashMap.putVal(Ljava/lang/Object;Ljava/lang/Object;Z)Ljava/lang/Object; @ 192
Event: 27.580 Thread 0x000000005bc4c000 Uncommon trap: reason=class_check action=maybe_recompile pc=0x00000000028f51d8 method=java.util.concurrent.ConcurrentHashMap.putVal(Ljava/lang/Object;Ljava/lang/Object;Z)Ljava/lang/Object; @ 192
Event: 27.990 Thread 0x000000005bc4c000 Uncommon trap: reason=unstable_if action=reinterpret pc=0x0000000002bd58cc method=java.lang.ThreadLocal$ThreadLocalMap.getEntry(Ljava/lang/ThreadLocal;)Ljava/lang/ThreadLocal$ThreadLocalMap$Entry; @ 29
Event: 29.206 Thread 0x000000005bc4c000 Uncommon trap: reason=unstable_if action=reinterpret pc=0x0000000002a5199c method=com.sun.org.apache.xerces.internal.impl.XMLEntityScanner.skipSpaces()Z @ 273

Internal exceptions (10 events):
Event: 27.700 Thread 0x000000005bc4c000 Exception <a 'java/lang/ClassNotFoundException': org/mybatis/spring/SqlSessionFactoryBeanBeanInfo> (0x00000000eb895188) thrown at [C:\re\workspace\8-2-build-windows-amd64-cygwin\jdk8u144\9417\hotspot\src\share\vm\classfile\systemDictionary.cpp, line 210]
Event: 27.702 Thread 0x000000005bc4c000 Exception <a 'java/lang/ClassNotFoundException': org/mybatis/spring/SqlSessionFactoryBeanCustomizer> (0x00000000eb8b76b0) thrown at [C:\re\workspace\8-2-build-windows-amd64-cygwin\jdk8u144\9417\hotspot\src\share\vm\classfile\systemDictionary.cpp, line 210
Event: 28.468 Thread 0x000000005bc4c000 Exception <a 'java/lang/ClassNotFoundException': com/ally/manager/service/impl/UserServiceImplBeanInfo> (0x00000000ebff9028) thrown at [C:\re\workspace\8-2-build-windows-amd64-cygwin\jdk8u144\9417\hotspot\src\share\vm\classfile\systemDictionary.cpp, line 
Event: 28.470 Thread 0x000000005bc4c000 Exception <a 'java/lang/ClassNotFoundException': com/ally/manager/service/impl/UserServiceImplCustomizer> (0x00000000ec01dd70) thrown at [C:\re\workspace\8-2-build-windows-amd64-cygwin\jdk8u144\9417\hotspot\src\share\vm\classfile\systemDictionary.cpp, lin
Event: 28.480 Thread 0x000000005bc4c000 Exception <a 'java/lang/ClassNotFoundException': org/mybatis/spring/mapper/MapperFactoryBeanBeanInfo> (0x00000000ec071288) thrown at [C:\re\workspace\8-2-build-windows-amd64-cygwin\jdk8u144\9417\hotspot\src\share\vm\classfile\systemDictionary.cpp, line 21
Event: 28.483 Thread 0x000000005bc4c000 Exception <a 'java/lang/ClassNotFoundException': org/mybatis/spring/support/SqlSessionDaoSupportBeanInfo> (0x00000000ec097f88) thrown at [C:\re\workspace\8-2-build-windows-amd64-cygwin\jdk8u144\9417\hotspot\src\share\vm\classfile\systemDictionary.cpp, lin
Event: 28.485 Thread 0x000000005bc4c000 Exception <a 'java/lang/ClassNotFoundException': org/springframework/dao/support/DaoSupportBeanInfo> (0x00000000ec0bd230) thrown at [C:\re\workspace\8-2-build-windows-amd64-cygwin\jdk8u144\9417\hotspot\src\share\vm\classfile\systemDictionary.cpp, line 210
Event: 28.488 Thread 0x000000005bc4c000 Exception <a 'java/lang/ClassNotFoundException': org/springframework/dao/support/DaoSupportCustomizer> (0x00000000ec0e3530) thrown at [C:\re\workspace\8-2-build-windows-amd64-cygwin\jdk8u144\9417\hotspot\src\share\vm\classfile\systemDictionary.cpp, line 2
Event: 28.490 Thread 0x000000005bc4c000 Exception <a 'java/lang/ClassNotFoundException': org/mybatis/spring/support/SqlSessionDaoSupportCustomizer> (0x00000000ec10c548) thrown at [C:\re\workspace\8-2-build-windows-amd64-cygwin\jdk8u144\9417\hotspot\src\share\vm\classfile\systemDictionary.cpp, l
Event: 28.493 Thread 0x000000005bc4c000 Exception <a 'java/lang/ClassNotFoundException': org/mybatis/spring/mapper/MapperFactoryBeanCustomizer> (0x00000000ec136040) thrown at [C:\re\workspace\8-2-build-windows-amd64-cygwin\jdk8u144\9417\hotspot\src\share\vm\classfile\systemDictionary.cpp, line 

Events (10 events):
Event: 28.741 loading class org/apache/ibatis/builder/xml/XMLMapperBuilder
Event: 28.741 loading class org/apache/ibatis/builder/xml/XMLMapperBuilder done
Event: 29.197 Thread 0x000000005bc4c000 DEOPT PACKING pc=0x00000000028fa03d sp=0x000000005ceed300
Event: 29.197 Thread 0x000000005bc4c000 DEOPT UNPACKING pc=0x00000000023b787f sp=0x000000005ceed0a8 mode 0
Event: 29.199 Thread 0x000000005bc4c000 DEOPT PACKING pc=0x00000000028fa03d sp=0x000000005ceed040
Event: 29.199 Thread 0x000000005bc4c000 DEOPT UNPACKING pc=0x00000000023b787f sp=0x000000005ceecde8 mode 0
Event: 29.205 Thread 0x000000005bc4c000 Uncommon trap: trap_request=0xffffff65 fr.pc=0x0000000002a5199c
Event: 29.206 Thread 0x000000005bc4c000 DEOPT PACKING pc=0x0000000002a5199c sp=0x000000005ceed1f0
Event: 29.206 Thread 0x000000005bc4c000 DEOPT UNPACKING pc=0x00000000023b582a sp=0x000000005ceed188 mode 2
Event: 29.208 loading class com/sun/org/apache/xerces/internal/impl/dtd/DTDGrammar$ChildrenList


Dynamic libraries:
0x000000013ffa0000 - 0x000000013ffd7000 	C:\Program Files\Java\jdk1.8.0_144\bin\javaw.exe
0x00000000777e0000 - 0x000000007798a000 	C:\Windows\SYSTEM32\ntdll.dll
0x00000000771e0000 - 0x00000000772ff000 	C:\Windows\system32\kernel32.dll
0x000007fefde90000 - 0x000007fefdefa000 	C:\Windows\system32\KERNELBASE.dll
0x000007fefe720000 - 0x000007fefe7fb000 	C:\Windows\system32\ADVAPI32.dll
0x000007fefea90000 - 0x000007fefeb2f000 	C:\Windows\system32\msvcrt.dll
0x000007fefe180000 - 0x000007fefe19f000 	C:\Windows\SYSTEM32\sechost.dll
0x000007fefe800000 - 0x000007fefe92d000 	C:\Windows\system32\RPCRT4.dll
0x00000000770e0000 - 0x00000000771da000 	C:\Windows\system32\USER32.dll
0x000007fefea20000 - 0x000007fefea87000 	C:\Windows\system32\GDI32.dll
0x000007fefeb50000 - 0x000007fefeb5e000 	C:\Windows\system32\LPK.dll
0x000007fefe1a0000 - 0x000007fefe26b000 	C:\Windows\system32\USP10.dll
0x000007fefc360000 - 0x000007fefc554000 	C:\Windows\WinSxS\amd64_microsoft.windows.common-controls_6595b64144ccf1df_6.0.7601.18837_none_fa3b1e3d17594757\COMCTL32.dll
0x000007feff950000 - 0x000007feff9c1000 	C:\Windows\system32\SHLWAPI.dll
0x000007fefe4f0000 - 0x000007fefe51e000 	C:\Windows\system32\IMM32.DLL
0x000007feff9d0000 - 0x000007feffad9000 	C:\Windows\system32\MSCTF.dll
0x000000005e1f0000 - 0x000000005e2c2000 	C:\Program Files\Java\jdk1.8.0_144\jre\bin\msvcr100.dll
0x000000006fb70000 - 0x000000007040d000 	C:\Program Files\Java\jdk1.8.0_144\jre\bin\server\jvm.dll
0x000007fef9e10000 - 0x000007fef9e19000 	C:\Windows\system32\WSOCK32.dll
0x000007fefe9d0000 - 0x000007fefea1d000 	C:\Windows\system32\WS2_32.dll
0x000007feffae0000 - 0x000007feffae8000 	C:\Windows\system32\NSI.dll
0x000007fefba10000 - 0x000007fefba4b000 	C:\Windows\system32\WINMM.dll
0x000007fefcd50000 - 0x000007fefcd5c000 	C:\Windows\system32\VERSION.dll
0x00000000779b0000 - 0x00000000779b7000 	C:\Windows\system32\PSAPI.DLL
0x000000005e1e0000 - 0x000000005e1ef000 	C:\Program Files\Java\jdk1.8.0_144\jre\bin\verify.dll
0x000000005e1b0000 - 0x000000005e1d9000 	C:\Program Files\Java\jdk1.8.0_144\jre\bin\java.dll
0x000000005e190000 - 0x000000005e1a6000 	C:\Program Files\Java\jdk1.8.0_144\jre\bin\zip.dll
0x000007fefeb60000 - 0x000007feff8ea000 	C:\Windows\system32\SHELL32.dll
0x000007fefe520000 - 0x000007fefe71c000 	C:\Windows\system32\ole32.dll
0x000007fefdc50000 - 0x000007fefdc5f000 	C:\Windows\system32\profapi.dll
0x000007fefd4e0000 - 0x000007fefd4f8000 	C:\Windows\system32\CRYPTSP.dll
0x000007fefd1e0000 - 0x000007fefd227000 	C:\Windows\system32\rsaenh.dll
0x000007fefcf90000 - 0x000007fefcfae000 	C:\Windows\system32\USERENV.dll
0x000007fefdb40000 - 0x000007fefdb4f000 	C:\Windows\system32\CRYPTBASE.dll
0x000000005e170000 - 0x000000005e18a000 	C:\Program Files\Java\jdk1.8.0_144\jre\bin\net.dll
0x000007fefd480000 - 0x000007fefd4d5000 	C:\Windows\system32\mswsock.dll
0x000007fefd470000 - 0x000007fefd477000 	C:\Windows\System32\wship6.dll
0x000007fefb7d0000 - 0x000007fefb7f7000 	C:\Windows\system32\IPHLPAPI.DLL
0x000007fefb7c0000 - 0x000007fefb7cb000 	C:\Windows\system32\WINNSI.DLL
0x000007fefb5c0000 - 0x000007fefb5d8000 	C:\Windows\system32\dhcpcsvc.DLL
0x000007fefb5a0000 - 0x000007fefb5b1000 	C:\Windows\system32\dhcpcsvc6.DLL
0x000000005e150000 - 0x000000005e161000 	C:\Program Files\Java\jdk1.8.0_144\jre\bin\nio.dll
0x000007fef65e0000 - 0x000007fef65ea000 	C:\Users\Administrator\AppData\Local\Temp\jansi-1.17-505850327003603442.dll
0x000007fef6550000 - 0x000007fef655a000 	C:\Users\Administrator\AppData\Local\Temp\jansi-1.17-6620699767456370743.dll
0x000000005e140000 - 0x000000005e14d000 	C:\Program Files\Java\jdk1.8.0_144\jre\bin\management.dll

VM Arguments:
jvm_args: -Dmaven.home=C:\apache-maven-3.5.3 -Dclassworlds.conf=F:\eclipse\.metadata\.plugins\org.eclipse.m2e.launching\launches\m2conf3629662255184898535.tmp -Dmaven.multiModuleProjectDirectory=F:\eclipse\ally-manager -Dfile.encoding=UTF-8 
java_command: org.codehaus.plexus.classworlds.launcher.Launcher -B -gs C:\apache-maven-3.5.3\conf\settings.xml -s C:\apache-maven-3.5.3\conf\settings.xml clean tomcat7:run
java_class_path (initial): C:\apache-maven-3.5.3\boot\plexus-classworlds-2.5.2.jar
Launcher Type: SUN_STANDARD

Environment Variables:
JAVA_HOME=C:\Program Files\Java\jdk1.8.0_144
CLASSPATH=.;C:\Program Files\Java\jdk1.8.0_144\lib;C:\Program Files\Java\jdk1.8.0_144\lib\tools.ja
PATH=C:/Program Files/Java/jre1.8.0_144/bin/server;C:/Program Files/Java/jre1.8.0_144/bin;C:/Program Files/Java/jre1.8.0_144/lib/amd64;D:\app\Administrator\product\11.2.0\dbhome_2\bin;C:\ProgramData\Oracle\Java\javapath;C:\Windows\system32;C:\Windows;C:\Windows\System32\Wbem;C:\Windows\System32\WindowsPowerShell\v1.0\;C:\Program Files\Java\jdk1.8.0_144\bin;C:\Program Files\Java\jdk1.8.0_144\jre\bin;C:\Program Files (x86)\Microsoft SQL Server\80\Tools\Binn\;C:\Program Files\Microsoft SQL Server\90\DTS\Binn\;C:\Program Files\Microsoft SQL Server\90\Tools\binn\;C:\Program Files (x86)\Microsoft SQL Server\90\Tools\binn\;C:\Program Files (x86)\Microsoft SQL Server\90\DTS\Binn\;C:\Program Files (x86)\Microsoft SQL Server\90\Tools\Binn\VSShell\Common7\IDE\;C:\Program Files (x86)\Microsoft Visual Studio 8\Common7\IDE\PrivateAssemblies\;C:\Program Files (x86)\Rational\common;D:\bin;C:\Program Files\MySQL\MySQL Server 5.5\bin;C:\Program Files (x86)\IDM Computer Solutions\UltraEdit;C:\apache-maven-3.5.3\bin;D:\andriod\adt-bundle-windows-x86_64-20140702-maxma\adt-bundle-windows-x86_64-20140702\sdk\platform-tools;C:\Program Files\VisualSVN Server\bin;C:\Users\Administrator\AppData\Local\GitHubDesktop\bin;C:\Python27;C:\Python2.7\Scripts\;;c:\python27;;C:\Users\Administrator\Desktop\±à³Ì¹¤¾ß;
USERNAME=Administrator
OS=Windows_NT
PROCESSOR_IDENTIFIER=Intel64 Family 6 Model 42 Stepping 7, GenuineIntel



---------------  S Y S T E M  ---------------

OS: Windows 7 , 64 bit Build 7601 (6.1.7601.23889)

CPU:total 4 (initial active 4) (2 cores per cpu, 2 threads per core) family 6 model 42 stepping 7, cmov, cx8, fxsr, mmx, sse, sse2, sse3, ssse3, sse4.1, sse4.2, popcnt, avx, aes, clmul, ht, tsc, tscinvbit

Memory: 4k page, physical 4106928k(35224k free), swap 16425852k(6248k free)

vm_info: Java HotSpot(TM) 64-Bit Server VM (25.144-b01) for windows-amd64 JRE (1.8.0_144-b01), built on Jul 21 2017 21:57:33 by "java_re" with MS VC++ 10.0 (VS2010)

time: Sun May 27 00:27:02 2018
elapsed time: 29 seconds (0d 0h 0m 29s)

